Using pre-set license
Built from '2021.3/staging' branch; Version is '2021.3.45f1 (0da89fac8e79) revision 895135'; Using compiler version '192829333'; Build Type 'Release'
OS: 'Windows 10  (10.0.19045) 64bit Professional' Language: 'es' Physical Memory: 12211 MB
BatchMode: 1, IsHumanControllingUs: 0, StartBugReporterOnCrash: 0, Is64bit: 1, IsPro: 1

COMMAND LINE ARGUMENTS:
C:\Program Files\Unity\Hub\Editor\2021.3.45f1\Editor\Unity.exe
-adb2
-batchMode
-noUpm
-name
AssetImportWorker0
-projectPath
D:/Videojuegos-Proyects/unidad3/gamedev-unidad3-JavierCoronel
-logFile
Logs/AssetImportWorker0.log
-srvPort
62727
Successfully changed project path to: D:/Videojuegos-Proyects/unidad3/gamedev-unidad3-JavierCoronel
D:/Videojuegos-Proyects/unidad3/gamedev-unidad3-JavierCoronel
[UnityMemory] Configuration Parameters - Can be set up in boot.config
    "memorysetup-bucket-allocator-granularity=16"
    "memorysetup-bucket-allocator-bucket-count=8"
    "memorysetup-bucket-allocator-block-size=33554432"
    "memorysetup-bucket-allocator-block-count=8"
    "memorysetup-main-allocator-block-size=16777216"
    "memorysetup-thread-allocator-block-size=16777216"
    "memorysetup-gfx-main-allocator-block-size=16777216"
    "memorysetup-gfx-thread-allocator-block-size=16777216"
    "memorysetup-cache-allocator-block-size=4194304"
    "memorysetup-typetree-allocator-block-size=2097152"
    "memorysetup-profiler-bucket-allocator-granularity=16"
    "memorysetup-profiler-bucket-allocator-bucket-count=8"
    "memorysetup-profiler-bucket-allocator-block-size=33554432"
    "memorysetup-profiler-bucket-allocator-block-count=8"
    "memorysetup-profiler-allocator-block-size=16777216"
    "memorysetup-profiler-editor-allocator-block-size=1048576"
    "memorysetup-temp-allocator-size-main=16777216"
    "memorysetup-job-temp-allocator-block-size=2097152"
    "memorysetup-job-temp-allocator-block-size-background=1048576"
    "memorysetup-job-temp-allocator-reduction-small-platforms=262144"
    "memorysetup-temp-allocator-size-background-worker=32768"
    "memorysetup-temp-allocator-size-job-worker=262144"
    "memorysetup-temp-allocator-size-preload-manager=33554432"
    "memorysetup-temp-allocator-size-nav-mesh-worker=65536"
    "memorysetup-temp-allocator-size-audio-worker=65536"
    "memorysetup-temp-allocator-size-cloud-worker=32768"
    "memorysetup-temp-allocator-size-gi-baking-worker=262144"
    "memorysetup-temp-allocator-size-gfx=262144"
Player connection [2116] Host "[IP] 192.168.18.21 [Port] 0 [Flags] 2 [Guid] 574828573 [EditorId] 574828573 [Version] 1048832 [Id] WindowsEditor(7,JCB) [Debug] 1 [PackageName] WindowsEditor [ProjectName] Editor" joined multi-casting on [225.0.0.222:54997]...

Player connection [2116] Host "[IP] 192.168.18.21 [Port] 0 [Flags] 2 [Guid] 574828573 [EditorId] 574828573 [Version] 1048832 [Id] WindowsEditor(7,JCB) [Debug] 1 [PackageName] WindowsEditor [ProjectName] Editor" joined alternative multi-casting on [225.0.0.222:34997]...

[Physics::Module] Initialized MultithreadedJobDispatcher with {0} workers.
Refreshing native plugins compatible for Editor in 513.37 ms, found 3 plugins.
Preloading 0 native plugins for Editor in 0.00 ms.
Initialize engine version: 2021.3.45f1 (0da89fac8e79)
[Subsystems] Discovering subsystems at path C:/Program Files/Unity/Hub/Editor/2021.3.45f1/Editor/Data/Resources/UnitySubsystems
[Subsystems] Discovering subsystems at path D:/Videojuegos-Proyects/unidad3/gamedev-unidad3-JavierCoronel/Assets
GfxDevice: creating device client; threaded=0; jobified=0
Direct3D:
    Version:  Direct3D 11.0 [level 11.1]
    Renderer: Intel(R) HD Graphics Family (ID=0xa16)
    Vendor:   Intel
    VRAM:     2048 MB
    Driver:   20.19.15.5171
Initialize mono
Mono path[0] = 'C:/Program Files/Unity/Hub/Editor/2021.3.45f1/Editor/Data/Managed'
Mono path[1] = 'C:/Program Files/Unity/Hub/Editor/2021.3.45f1/Editor/Data/MonoBleedingEdge/lib/mono/unityjit-win32'
Mono config path = 'C:/Program Files/Unity/Hub/Editor/2021.3.45f1/Editor/Data/MonoBleedingEdge/etc'
Using monoOptions --debugger-agent=transport=dt_socket,embedding=1,server=y,suspend=n,address=127.0.0.1:56228
Begin MonoManager ReloadAssembly
Registering precompiled unity dll's ...
Register platform support module: C:/Program Files/Unity/Hub/Editor/2021.3.45f1/Editor/Data/PlaybackEngines/WebGLSupport/UnityEditor.WebGL.Extensions.dll
Register platform support module: C:/Program Files/Unity/Hub/Editor/2021.3.45f1/Editor/Data/PlaybackEngines/WindowsStandaloneSupport/UnityEditor.WindowsStandalone.Extensions.dll
Registered in 1.324994 seconds.
Native extension for WindowsStandalone target not found
Native extension for WebGL target not found
Refreshing native plugins compatible for Editor in 488.23 ms, found 3 plugins.
Preloading 0 native plugins for Editor in 0.00 ms.
Mono: successfully reloaded assembly
- Completed reload, in 27.831 seconds
Domain Reload Profiling:
	ReloadAssembly (27833ms)
		BeginReloadAssembly (19805ms)
			ExecutionOrderSort (0ms)
			DisableScriptedObjects (0ms)
			BackupInstance (0ms)
			ReleaseScriptingObjects (0ms)
			CreateAndSetChildDomain (2ms)
		EndReloadAssembly (4756ms)
			LoadAssemblies (19861ms)
			RebuildTransferFunctionScriptingTraits (0ms)
			SetupTypeCache (3148ms)
			ReleaseScriptCaches (0ms)
			RebuildScriptCaches (110ms)
			SetupLoadedEditorAssemblies (1267ms)
				LogAssemblyErrors (0ms)
				InitializePlatformSupportModulesInManaged (50ms)
				SetLoadedEditorAssemblies (1ms)
				RefreshPlugins (488ms)
				BeforeProcessingInitializeOnLoad (5ms)
				ProcessInitializeOnLoadAttributes (464ms)
				ProcessInitializeOnLoadMethodAttributes (259ms)
				AfterProcessingInitializeOnLoad (0ms)
				EditorAssembliesLoaded (0ms)
			ExecutionOrderSort2 (0ms)
			AwakeInstancesAfterBackupRestoration (0ms)
Platform modules already initialized, skipping
Registering precompiled user dll's ...
Registered in 0.026922 seconds.
Begin MonoManager ReloadAssembly
Native extension for WindowsStandalone target not found
Native extension for WebGL target not found
Refreshing native plugins compatible for Editor in 258.96 ms, found 3 plugins.
Preloading 0 native plugins for Editor in 0.00 ms.
Package Manager log level set to [2]
[Package Manager] Server::EnsureServerProcessIsRunning -- launch failed, reason: Unity was launched with the -noUpm command-line argument
[Package Manager] Cannot connect to Unity Package Manager local server
Mono: successfully reloaded assembly
- Completed reload, in 30.937 seconds
Domain Reload Profiling:
	ReloadAssembly (30941ms)
		BeginReloadAssembly (1353ms)
			ExecutionOrderSort (0ms)
			DisableScriptedObjects (29ms)
			BackupInstance (0ms)
			ReleaseScriptingObjects (0ms)
			CreateAndSetChildDomain (79ms)
		EndReloadAssembly (27759ms)
			LoadAssemblies (21999ms)
			RebuildTransferFunctionScriptingTraits (0ms)
			SetupTypeCache (3655ms)
			ReleaseScriptCaches (2ms)
			RebuildScriptCaches (246ms)
			SetupLoadedEditorAssemblies (2619ms)
				LogAssemblyErrors (0ms)
				InitializePlatformSupportModulesInManaged (30ms)
				SetLoadedEditorAssemblies (1ms)
				RefreshPlugins (259ms)
				BeforeProcessingInitializeOnLoad (286ms)
				ProcessInitializeOnLoadAttributes (1756ms)
				ProcessInitializeOnLoadMethodAttributes (234ms)
				AfterProcessingInitializeOnLoad (53ms)
				EditorAssembliesLoaded (0ms)
			ExecutionOrderSort2 (0ms)
			AwakeInstancesAfterBackupRestoration (25ms)
Platform modules already initialized, skipping
========================================================================
Worker process is ready to serve import requests
Launched and connected shader compiler UnityShaderCompiler.exe after 0.59 seconds
Refreshing native plugins compatible for Editor in 2.66 ms, found 3 plugins.
Preloading 0 native plugins for Editor in 0.00 ms.
Unloading 5186 Unused Serialized files (Serialized files now loaded: 0)
Unloading 36 unused Assets / (0.7 MB). Loaded Objects now: 5655.
Memory consumption went from 217.6 MB to 216.9 MB.
Total: 15.751000 ms (FindLiveObjects: 1.162700 ms CreateObjectMapping: 1.127200 ms MarkObjects: 12.558800 ms  DeleteObjects: 0.899900 ms)

AssetImportParameters requested are different than current active one (requested -> active):
  custom:video-decoder-ogg-theora: a1e56fd34408186e4bbccfd4996cb3dc -> 
  custom:container-muxer-webm: aa71ff27fc2769a1b78a27578f13a17b -> 
  custom:container-demuxer-webm: 4f35f7cbe854078d1ac9338744f61a02 -> 
  custom:video-encoder-webm-vp8: eb34c28f22e8b96e1ab97ce403110664 -> 
  custom:CustomObjectIndexerAttribute: 6b0e35c9178b02a6363f3721b7b8e397 -> 
  custom:audio-encoder-webm-vorbis: bf7c407c2cedff20999df2af8eb42d56 -> 
  custom:framework-win-MediaFoundation: 216162199b28c13a410421893ffa2e32 -> 
  custom:SearchIndexIgnoredProperties: e643bd26f0fe6173181afceb89e7c659 -> 
  custom:container-demuxer-ogg: 62fdf1f143b41e24485cea50d1cbac27 -> 
  custom:video-decoder-webm-vp8: 9c59270c3fd7afecdb556c50c9e8de78 -> 
  custom:audio-decoder-ogg-vorbis: bf7c407c2cedff20999df2af8eb42d56 -> 
========================================================================
Received Import Request.
  Time since last request: 178689.602055 seconds.
  path: Assets/Rendering/New Universal Render Pipeline Asset_Renderer.asset
  artifactKey: Guid(6f537ee145548b04a842e4fe76aefcfc) Importer(815301076,1909f56bfc062723c751e8b465ee728b)
Number of updated assets reloaded before import = 0
Start importing Assets/Rendering/New Universal Render Pipeline Asset_Renderer.asset using Guid(6f537ee145548b04a842e4fe76aefcfc) Importer(815301076,1909f56bfc062723c751e8b465ee728b)  -> (artifact id: '2726d2c97979e88e84f5a2ef95f0d296') in 0.316350 seconds 
Number of asset objects unloaded after import = 1
========================================================================
Received Import Request.
  Time since last request: 0.000063 seconds.
  path: Assets/Rendering/New Universal Render Pipeline Asset.asset
  artifactKey: Guid(08d8de19b9892d64690a4eb5858ab7cb) Importer(815301076,1909f56bfc062723c751e8b465ee728b)
Number of updated assets reloaded before import = 0
Start importing Assets/Rendering/New Universal Render Pipeline Asset.asset using Guid(08d8de19b9892d64690a4eb5858ab7cb) Importer(815301076,1909f56bfc062723c751e8b465ee728b)  -> (artifact id: 'e917ca6bd8329d1789d2159fdeea9bc4') in 0.056454 seconds 
Number of asset objects unloaded after import = 2
========================================================================
Received Import Request.
  Time since last request: 71.348718 seconds.
  path: Assets/Rendering/Universal Render Pipeline Asset_Renderer.asset
  artifactKey: Guid(6f537ee145548b04a842e4fe76aefcfc) Importer(815301076,1909f56bfc062723c751e8b465ee728b)
Number of updated assets reloaded before import = 1
Start importing Assets/Rendering/Universal Render Pipeline Asset_Renderer.asset using Guid(6f537ee145548b04a842e4fe76aefcfc) Importer(815301076,1909f56bfc062723c751e8b465ee728b)  -> (artifact id: '31505d79e6555e16649deae143b8cf71') in 0.255360 seconds 
Number of asset objects unloaded after import = 1
========================================================================
Received Import Request.
  Time since last request: 5.742093 seconds.
  path: Assets/Rendering/Universal Render Pipeline Asset.asset
  artifactKey: Guid(08d8de19b9892d64690a4eb5858ab7cb) Importer(815301076,1909f56bfc062723c751e8b465ee728b)
Number of updated assets reloaded before import = 1
Start importing Assets/Rendering/Universal Render Pipeline Asset.asset using Guid(08d8de19b9892d64690a4eb5858ab7cb) Importer(815301076,1909f56bfc062723c751e8b465ee728b)  -> (artifact id: '5a0f488930f8cf4516d7105247ad3f8b') in 0.073009 seconds 
Number of asset objects unloaded after import = 2
========================================================================
Received Import Request.
  Time since last request: 541.794806 seconds.
  path: Assets/New Terrain.asset
  artifactKey: Guid(4ffcb8a9372527e4696436ef31b54b2f) Importer(2089858483,c653a7c40615fbf8c82c05b109e42dfe)
Number of updated assets reloaded before import = 0
Start importing Assets/New Terrain.asset using Guid(4ffcb8a9372527e4696436ef31b54b2f) Importer(2089858483,c653a7c40615fbf8c82c05b109e42dfe)  -> (artifact id: 'c33d5486253aec2b43373d0251824ed0') in 0.836083 seconds 
Number of asset objects unloaded after import = 2
========================================================================
Received Import Request.
  Time since last request: 0.000050 seconds.
  path: Assets/Art/Textures/ground/Ground085_1K-JPG_NormalDX.jpg
  artifactKey: Guid(cad898000dea6e440870f5de86cd2187) Importer(2089858483,c653a7c40615fbf8c82c05b109e42dfe)
Number of updated assets reloaded before import = 0
Start importing Assets/Art/Textures/ground/Ground085_1K-JPG_NormalDX.jpg using Guid(cad898000dea6e440870f5de86cd2187) Importer(2089858483,c653a7c40615fbf8c82c05b109e42dfe)  -> (artifact id: '246ac6674df0afa0bd5cdfcaddbb8091') in 0.457386 seconds 
Number of asset objects unloaded after import = 1
========================================================================
Received Import Request.
  Time since last request: 0.000067 seconds.
  path: Assets/Art/Textures/ground/Ground085.png
  artifactKey: Guid(8e5b531e0d4924046bb7f0aa761fc494) Importer(2089858483,c653a7c40615fbf8c82c05b109e42dfe)
Number of updated assets reloaded before import = 0
Start importing Assets/Art/Textures/ground/Ground085.png using Guid(8e5b531e0d4924046bb7f0aa761fc494) Importer(2089858483,c653a7c40615fbf8c82c05b109e42dfe)  -> (artifact id: 'b017624768630f1659f7bf8d72117a79') in 0.244045 seconds 
Number of asset objects unloaded after import = 1
========================================================================
Received Import Request.
  Time since last request: 0.000038 seconds.
  path: Assets/Art/Textures/ground/Ground085_1K-JPG.usdc
  artifactKey: Guid(9476ece541a61df44b898477e8921795) Importer(2089858483,c653a7c40615fbf8c82c05b109e42dfe)
Number of updated assets reloaded before import = 0
Start importing Assets/Art/Textures/ground/Ground085_1K-JPG.usdc using Guid(9476ece541a61df44b898477e8921795) Importer(2089858483,c653a7c40615fbf8c82c05b109e42dfe)  -> (artifact id: '0fa3ad8635957b75a8c4c2e22f9ee6a3') in 0.049922 seconds 
Number of asset objects unloaded after import = 1
========================================================================
Received Import Request.
  Time since last request: 0.000049 seconds.
  path: Assets/Scripts/Core/LootChestController.cs
  artifactKey: Guid(309f250565fc5f944a6b49f64d909a21) Importer(2089858483,c653a7c40615fbf8c82c05b109e42dfe)
Number of updated assets reloaded before import = 0
Start importing Assets/Scripts/Core/LootChestController.cs using Guid(309f250565fc5f944a6b49f64d909a21) Importer(2089858483,c653a7c40615fbf8c82c05b109e42dfe)  -> (artifact id: 'd01b260dc41f908f70842c617b7e6364') in 0.144350 seconds 
Number of asset objects unloaded after import = 0
========================================================================
Received Import Request.
  Time since last request: 0.000043 seconds.
  path: Assets/Art/Textures/ground/ground01.terrainlayer
  artifactKey: Guid(4d6367f30ba59ae428cbcfdbd2364f07) Importer(2089858483,c653a7c40615fbf8c82c05b109e42dfe)
Number of updated assets reloaded before import = 0
Start importing Assets/Art/Textures/ground/ground01.terrainlayer using Guid(4d6367f30ba59ae428cbcfdbd2364f07) Importer(2089858483,c653a7c40615fbf8c82c05b109e42dfe)  -> (artifact id: '2b2c754347f9af0abd0240426fe8ede7') in 0.177577 seconds 
Number of asset objects unloaded after import = 3
========================================================================
Received Import Request.
  Time since last request: 0.000037 seconds.
  path: Assets/Art/Textures/grass/Grass004_1K-JPG_AmbientOcclusion.jpg
  artifactKey: Guid(b13567c79f488a84286c887581027e39) Importer(2089858483,c653a7c40615fbf8c82c05b109e42dfe)
Number of updated assets reloaded before import = 0
Start importing Assets/Art/Textures/grass/Grass004_1K-JPG_AmbientOcclusion.jpg using Guid(b13567c79f488a84286c887581027e39) Importer(2089858483,c653a7c40615fbf8c82c05b109e42dfe)  -> (artifact id: '77a849f11426e2788eca3b6ea13ebb8e') in 0.210354 seconds 
Number of asset objects unloaded after import = 1
========================================================================
Received Import Request.
  Time since last request: 0.000057 seconds.
  path: Assets/Rendering/Universal Render Pipeline Asset.asset
  artifactKey: Guid(08d8de19b9892d64690a4eb5858ab7cb) Importer(2089858483,c653a7c40615fbf8c82c05b109e42dfe)
Number of updated assets reloaded before import = 0
Start importing Assets/Rendering/Universal Render Pipeline Asset.asset using Guid(08d8de19b9892d64690a4eb5858ab7cb) Importer(2089858483,c653a7c40615fbf8c82c05b109e42dfe)  -> (artifact id: '570fe9c24987bf8b382f51bc9f407483') in 0.525164 seconds 
Number of asset objects unloaded after import = 2
========================================================================
Received Import Request.
  Time since last request: 0.000046 seconds.
  path: Assets/Art/Textures/grass/Grass004_1K-JPG_NormalGL.jpg
  artifactKey: Guid(74c4ede63f1aeda41a5d8e9f8183f26d) Importer(2089858483,c653a7c40615fbf8c82c05b109e42dfe)
Number of updated assets reloaded before import = 0
Start importing Assets/Art/Textures/grass/Grass004_1K-JPG_NormalGL.jpg using Guid(74c4ede63f1aeda41a5d8e9f8183f26d) Importer(2089858483,c653a7c40615fbf8c82c05b109e42dfe)  -> (artifact id: '4028cc518fc0683edfabb08bf8d515c8') in 0.234227 seconds 
Number of asset objects unloaded after import = 1
========================================================================
Received Import Request.
  Time since last request: 0.000392 seconds.
  path: Assets/Art/Textures/grass/Grass004_1K-JPG_Displacement.jpg
  artifactKey: Guid(6f9b5572cb0b9e14983c5db94b4da82d) Importer(2089858483,c653a7c40615fbf8c82c05b109e42dfe)
Number of updated assets reloaded before import = 0
Start importing Assets/Art/Textures/grass/Grass004_1K-JPG_Displacement.jpg using Guid(6f9b5572cb0b9e14983c5db94b4da82d) Importer(2089858483,c653a7c40615fbf8c82c05b109e42dfe)  -> (artifact id: '9cb4a6220fcd9cdef38362afc3e306b1') in 0.224298 seconds 
Number of asset objects unloaded after import = 1
========================================================================
Received Import Request.
  Time since last request: 0.000051 seconds.
  path: Assets/Art/Textures/ground/Ground085_1K-JPG.mtlx
  artifactKey: Guid(d1af59fe0a4574e4ea351665c87d295d) Importer(2089858483,c653a7c40615fbf8c82c05b109e42dfe)
Number of updated assets reloaded before import = 0
Start importing Assets/Art/Textures/ground/Ground085_1K-JPG.mtlx using Guid(d1af59fe0a4574e4ea351665c87d295d) Importer(2089858483,c653a7c40615fbf8c82c05b109e42dfe)  -> (artifact id: '8cb05e7488631353793cb4abb96fe5b2') in 0.091767 seconds 
Number of asset objects unloaded after import = 1
========================================================================
Received Import Request.
  Time since last request: 0.000069 seconds.
  path: Assets/Art/Textures/ground/Ground085_1K-JPG_Roughness.jpg
  artifactKey: Guid(c861aa1e0bcc9ed4b886c9c3ee2254d9) Importer(2089858483,c653a7c40615fbf8c82c05b109e42dfe)
Number of updated assets reloaded before import = 0
Start importing Assets/Art/Textures/ground/Ground085_1K-JPG_Roughness.jpg using Guid(c861aa1e0bcc9ed4b886c9c3ee2254d9) Importer(2089858483,c653a7c40615fbf8c82c05b109e42dfe)  -> (artifact id: '334a53b595e166b90f4152ca2251b275') in 0.301899 seconds 
Number of asset objects unloaded after import = 1
========================================================================
Received Import Request.
  Time since last request: 0.000047 seconds.
  path: Assets/PlayerInputActions.cs
  artifactKey: Guid(44104781ebea927488e1c665d9285d12) Importer(2089858483,c653a7c40615fbf8c82c05b109e42dfe)
Number of updated assets reloaded before import = 0
Start importing Assets/PlayerInputActions.cs using Guid(44104781ebea927488e1c665d9285d12) Importer(2089858483,c653a7c40615fbf8c82c05b109e42dfe)  -> (artifact id: '5b6a25271c2d6618dcbb7086886fb08b') in 0.052862 seconds 
Number of asset objects unloaded after import = 0
========================================================================
Received Import Request.
  Time since last request: 0.000074 seconds.
  path: Assets/Art/Textures/grass/Grass004_1K-JPG.mtlx
  artifactKey: Guid(0b38b1da8f8158b428e42a0bf7719369) Importer(2089858483,c653a7c40615fbf8c82c05b109e42dfe)
Number of updated assets reloaded before import = 0
Start importing Assets/Art/Textures/grass/Grass004_1K-JPG.mtlx using Guid(0b38b1da8f8158b428e42a0bf7719369) Importer(2089858483,c653a7c40615fbf8c82c05b109e42dfe)  -> (artifact id: '4b40488f832964fa72c59a222af9038b') in 0.085718 seconds 
Number of asset objects unloaded after import = 1
========================================================================
Received Import Request.
  Time since last request: 0.000045 seconds.
  path: Assets/Art/Textures/ground/Ground085_1K-JPG_NormalGL.jpg
  artifactKey: Guid(23b65e56258010e409a3f7069e6092f0) Importer(2089858483,c653a7c40615fbf8c82c05b109e42dfe)
Number of updated assets reloaded before import = 0
Start importing Assets/Art/Textures/ground/Ground085_1K-JPG_NormalGL.jpg using Guid(23b65e56258010e409a3f7069e6092f0) Importer(2089858483,c653a7c40615fbf8c82c05b109e42dfe)  -> (artifact id: '472f70b5bf0e290afb8512cc3ac4f185') in 0.180101 seconds 
Number of asset objects unloaded after import = 1
========================================================================
Received Import Request.
  Time since last request: 0.000044 seconds.
  path: Assets/Scenes/Guia#9.unity
  artifactKey: Guid(9fc0d4010bbf28b4594072e72b8655ab) Importer(2089858483,c653a7c40615fbf8c82c05b109e42dfe)
Number of updated assets reloaded before import = 0
Start importing Assets/Scenes/Guia#9.unity using Guid(9fc0d4010bbf28b4594072e72b8655ab) Importer(2089858483,c653a7c40615fbf8c82c05b109e42dfe) Opening scene 'Assets/Scenes/Guia#9.unity additively'
Loaded scene 'Assets/Scenes/Guia#9.unity'
	Deserialize:            63.616 ms
	Integration:            212.767 ms
	Integration of assets:  0.027 ms
	Thread Wait Time:       0.005 ms
	Total Operation Time:   276.414 ms
 -> (artifact id: '08839daf18d7a669b0250db33c6127f7') in 1.085323 seconds 
Number of asset objects unloaded after import = 9
========================================================================
Received Import Request.
  Time since last request: 0.000663 seconds.
  path: Assets/Art/Textures/grass/Grass004_1K-JPG.usdc
  artifactKey: Guid(deb21894e1f9db74ea5882cce2334699) Importer(2089858483,c653a7c40615fbf8c82c05b109e42dfe)
Number of updated assets reloaded before import = 0
Start importing Assets/Art/Textures/grass/Grass004_1K-JPG.usdc using Guid(deb21894e1f9db74ea5882cce2334699) Importer(2089858483,c653a7c40615fbf8c82c05b109e42dfe)  -> (artifact id: 'e5321151e77161abfec2f6666f0e04b3') in 0.094474 seconds 
Number of asset objects unloaded after import = 1
========================================================================
Received Import Request.
  Time since last request: 0.000043 seconds.
  path: Assets/Art/Textures/ground/Ground085_1K-JPG_Displacement.jpg
  artifactKey: Guid(5a289d7150bf6274b99a900e96a9f720) Importer(2089858483,c653a7c40615fbf8c82c05b109e42dfe)
Number of updated assets reloaded before import = 0
Start importing Assets/Art/Textures/ground/Ground085_1K-JPG_Displacement.jpg using Guid(5a289d7150bf6274b99a900e96a9f720) Importer(2089858483,c653a7c40615fbf8c82c05b109e42dfe)  -> (artifact id: '80510abf4ea7fd8bab9b11936dc9589d') in 0.320728 seconds 
Number of asset objects unloaded after import = 1
========================================================================
Received Import Request.
  Time since last request: 0.001114 seconds.
  path: Assets/UniversalRenderPipelineGlobalSettings.asset
  artifactKey: Guid(43c0a3c78588f2f4bad87c318f8bb3b2) Importer(2089858483,c653a7c40615fbf8c82c05b109e42dfe)
Number of updated assets reloaded before import = 0
Start importing Assets/UniversalRenderPipelineGlobalSettings.asset using Guid(43c0a3c78588f2f4bad87c318f8bb3b2) Importer(2089858483,c653a7c40615fbf8c82c05b109e42dfe)  -> (artifact id: '62c080ea3d0c06877d692bea1ffcbe8c') in 0.164475 seconds 
Number of asset objects unloaded after import = 1
========================================================================
Received Import Request.
  Time since last request: 0.000048 seconds.
  path: Assets/Art/Textures/grass/Grass004_1K-JPG_Color.jpg
  artifactKey: Guid(652e84499b57ba94db98fef7c0c6c608) Importer(2089858483,c653a7c40615fbf8c82c05b109e42dfe)
Number of updated assets reloaded before import = 0
Start importing Assets/Art/Textures/grass/Grass004_1K-JPG_Color.jpg using Guid(652e84499b57ba94db98fef7c0c6c608) Importer(2089858483,c653a7c40615fbf8c82c05b109e42dfe)  -> (artifact id: '24c0d69711cad4b73fbd88ae83ab5a30') in 0.113260 seconds 
Number of asset objects unloaded after import = 1
========================================================================
Received Import Request.
  Time since last request: 0.000434 seconds.
  path: Assets/Scripts/Core/DoorController.cs
  artifactKey: Guid(1c07055f613d1414290f9e395061b230) Importer(2089858483,c653a7c40615fbf8c82c05b109e42dfe)
Number of updated assets reloaded before import = 0
Start importing Assets/Scripts/Core/DoorController.cs using Guid(1c07055f613d1414290f9e395061b230) Importer(2089858483,c653a7c40615fbf8c82c05b109e42dfe)  -> (artifact id: 'd5ac741a385c7b47b2916306d4f3ccd2') in 0.118267 seconds 
Number of asset objects unloaded after import = 0
========================================================================
Received Import Request.
  Time since last request: 0.000046 seconds.
  path: Assets/Art/Textures/ground/Ground085_1K-JPG_Color.jpg
  artifactKey: Guid(ff57233aa322cad4086dce0bcbc206e7) Importer(2089858483,c653a7c40615fbf8c82c05b109e42dfe)
Number of updated assets reloaded before import = 0
Start importing Assets/Art/Textures/ground/Ground085_1K-JPG_Color.jpg using Guid(ff57233aa322cad4086dce0bcbc206e7) Importer(2089858483,c653a7c40615fbf8c82c05b109e42dfe)  -> (artifact id: '41678ffa013d5db621b0b9ca6eeaa630') in 0.132396 seconds 
Number of asset objects unloaded after import = 1
========================================================================
Received Import Request.
  Time since last request: 0.000051 seconds.
  path: Assets/Art/Textures/grass/Grass004_1K-JPG_NormalDX.jpg
  artifactKey: Guid(cf7c198275ef59f4db2e2bc755143308) Importer(2089858483,c653a7c40615fbf8c82c05b109e42dfe)
Number of updated assets reloaded before import = 0
Start importing Assets/Art/Textures/grass/Grass004_1K-JPG_NormalDX.jpg using Guid(cf7c198275ef59f4db2e2bc755143308) Importer(2089858483,c653a7c40615fbf8c82c05b109e42dfe)  -> (artifact id: '3dd689f945311f7fc3570cd26a8c106b') in 0.531455 seconds 
Number of asset objects unloaded after import = 1
========================================================================
Received Import Request.
  Time since last request: 0.000060 seconds.
  path: Assets/Scripts/Core/TerminalController.cs
  artifactKey: Guid(6d10831d41441194ea1104411765c454) Importer(2089858483,c653a7c40615fbf8c82c05b109e42dfe)
Number of updated assets reloaded before import = 0
Start importing Assets/Scripts/Core/TerminalController.cs using Guid(6d10831d41441194ea1104411765c454) Importer(2089858483,c653a7c40615fbf8c82c05b109e42dfe)  -> (artifact id: '30cb3dd28e29e0c8d558f54c18b9d992') in 0.142133 seconds 
Number of asset objects unloaded after import = 0
========================================================================
Received Import Request.
  Time since last request: 0.000752 seconds.
  path: Assets/Art/Textures/ground/Ground085_1K-JPG_AmbientOcclusion.jpg
  artifactKey: Guid(8326faa4d90879f4399b8873f08055f9) Importer(2089858483,c653a7c40615fbf8c82c05b109e42dfe)
Number of updated assets reloaded before import = 0
Start importing Assets/Art/Textures/ground/Ground085_1K-JPG_AmbientOcclusion.jpg using Guid(8326faa4d90879f4399b8873f08055f9) Importer(2089858483,c653a7c40615fbf8c82c05b109e42dfe)  -> (artifact id: 'b9a91de233655c923bd407dc2674fa3d') in 0.220140 seconds 
Number of asset objects unloaded after import = 1
========================================================================
Received Import Request.
  Time since last request: 0.000063 seconds.
  path: Assets/Scripts/Player/FirstPersonController.cs
  artifactKey: Guid(503cc6d2a5b091e4ab930837842c9b1b) Importer(2089858483,c653a7c40615fbf8c82c05b109e42dfe)
Number of updated assets reloaded before import = 0
Start importing Assets/Scripts/Player/FirstPersonController.cs using Guid(503cc6d2a5b091e4ab930837842c9b1b) Importer(2089858483,c653a7c40615fbf8c82c05b109e42dfe)  -> (artifact id: 'e63cea371b8e65ad1d4da58f9d403026') in 0.107312 seconds 
Number of asset objects unloaded after import = 0
========================================================================
Received Import Request.
  Time since last request: 0.000648 seconds.
  path: Assets/Rendering/Universal Render Pipeline Asset_Renderer.asset
  artifactKey: Guid(6f537ee145548b04a842e4fe76aefcfc) Importer(2089858483,c653a7c40615fbf8c82c05b109e42dfe)
Number of updated assets reloaded before import = 0
Start importing Assets/Rendering/Universal Render Pipeline Asset_Renderer.asset using Guid(6f537ee145548b04a842e4fe76aefcfc) Importer(2089858483,c653a7c40615fbf8c82c05b109e42dfe)  -> (artifact id: 'ce7a4d95bbbd1b731183b6e63e0258c3') in 0.515743 seconds 
Number of asset objects unloaded after import = 1
========================================================================
Received Import Request.
  Time since last request: 0.000707 seconds.
  path: Assets/PlayerInputActions.inputactions
  artifactKey: Guid(79d6f92ce3738ed468577b14be81ca76) Importer(2089858483,c653a7c40615fbf8c82c05b109e42dfe)
Number of updated assets reloaded before import = 0
Start importing Assets/PlayerInputActions.inputactions using Guid(79d6f92ce3738ed468577b14be81ca76) Importer(2089858483,c653a7c40615fbf8c82c05b109e42dfe)  -> (artifact id: 'c833c6b2aac9dc1888bf0c8cba0bae98') in 0.236796 seconds 
Number of asset objects unloaded after import = 5
========================================================================
Received Import Request.
  Time since last request: 0.000750 seconds.
  path: Assets/Art/Textures/grass/Grass004_1K-JPG_Roughness.jpg
  artifactKey: Guid(cf4a9d30c33880a49a42a4fdd9ee8f35) Importer(2089858483,c653a7c40615fbf8c82c05b109e42dfe)
Number of updated assets reloaded before import = 0
Start importing Assets/Art/Textures/grass/Grass004_1K-JPG_Roughness.jpg using Guid(cf4a9d30c33880a49a42a4fdd9ee8f35) Importer(2089858483,c653a7c40615fbf8c82c05b109e42dfe)  -> (artifact id: 'e256e86b980cbc556e29c26a553a0ca4') in 0.208373 seconds 
Number of asset objects unloaded after import = 1
========================================================================
Received Import Request.
  Time since last request: 0.000048 seconds.
  path: Assets/Scripts/Player/PlayerInteractor.cs
  artifactKey: Guid(857da0f378edde740aa20627ac4fa0f6) Importer(2089858483,c653a7c40615fbf8c82c05b109e42dfe)
Number of updated assets reloaded before import = 0
Start importing Assets/Scripts/Player/PlayerInteractor.cs using Guid(857da0f378edde740aa20627ac4fa0f6) Importer(2089858483,c653a7c40615fbf8c82c05b109e42dfe)  -> (artifact id: 'f22919802ca8aaa684e1f50cebaa772f') in 0.056824 seconds 
Number of asset objects unloaded after import = 0
========================================================================
Received Import Request.
  Time since last request: 0.000072 seconds.
  path: Assets/Art/Textures/grass/grass01.terrainlayer
  artifactKey: Guid(db505169f24bb3247b030f9c3a7fbd03) Importer(2089858483,c653a7c40615fbf8c82c05b109e42dfe)
Number of updated assets reloaded before import = 0
Start importing Assets/Art/Textures/grass/grass01.terrainlayer using Guid(db505169f24bb3247b030f9c3a7fbd03) Importer(2089858483,c653a7c40615fbf8c82c05b109e42dfe)  -> (artifact id: '4c74917e778d07c71dee472c4c01b2f3') in 0.254333 seconds 
Number of asset objects unloaded after import = 3
========================================================================
Received Import Request.
  Time since last request: 0.000051 seconds.
  path: Assets/Art/Textures/grass/Grass004.png
  artifactKey: Guid(1a8fa6eb8702058459f77540bc8968ad) Importer(2089858483,c653a7c40615fbf8c82c05b109e42dfe)
Number of updated assets reloaded before import = 0
Start importing Assets/Art/Textures/grass/Grass004.png using Guid(1a8fa6eb8702058459f77540bc8968ad) Importer(2089858483,c653a7c40615fbf8c82c05b109e42dfe)  -> (artifact id: '72ebb4fb54ee9c7f2f125a8c35d9be1a') in 0.234531 seconds 
Number of asset objects unloaded after import = 1
========================================================================
Received Import Request.
  Time since last request: 0.000076 seconds.
  path: Assets/Scripts/Core/IInteractable.cs
  artifactKey: Guid(2989f69cfc892de4cbd4e428b530684d) Importer(2089858483,c653a7c40615fbf8c82c05b109e42dfe)
Number of updated assets reloaded before import = 0
Start importing Assets/Scripts/Core/IInteractable.cs using Guid(2989f69cfc892de4cbd4e428b530684d) Importer(2089858483,c653a7c40615fbf8c82c05b109e42dfe)  -> (artifact id: '2b4fe8eecab739cbdc198f38ba8799e2') in 0.122301 seconds 
Number of asset objects unloaded after import = 0
========================================================================
Received Import Request.
  Time since last request: 53.599891 seconds.
  path: Assets/Scenes/Guia#9.unity
  artifactKey: Guid(9fc0d4010bbf28b4594072e72b8655ab) Importer(815301076,1909f56bfc062723c751e8b465ee728b)
Number of updated assets reloaded before import = 0
Start importing Assets/Scenes/Guia#9.unity using Guid(9fc0d4010bbf28b4594072e72b8655ab) Importer(815301076,1909f56bfc062723c751e8b465ee728b)  -> (artifact id: 'c4b4cafb59fe7e04081df8a195d2c90a') in 0.029688 seconds 
Number of asset objects unloaded after import = 0
========================================================================
Received Import Request.
  Time since last request: 875.139038 seconds.
  path: Assets/Art/Textures/Skyboxes
  artifactKey: Guid(9f6e793a3de3e0c49906a3048d0b4e7a) Importer(815301076,1909f56bfc062723c751e8b465ee728b)
Number of updated assets reloaded before import = 0
Start importing Assets/Art/Textures/Skyboxes using Guid(9f6e793a3de3e0c49906a3048d0b4e7a) Importer(815301076,1909f56bfc062723c751e8b465ee728b)  -> (artifact id: '8f884d0e35fa268a5783a20afa1f506f') in 0.036331 seconds 
Number of asset objects unloaded after import = 0
========================================================================
Received Import Request.
  Time since last request: 23.931544 seconds.
  path: Assets/Art/Textures/Skyboxes/EveningSkyHDRI022B_4K-HDR.exr
  artifactKey: Guid(1c244a7011870564589b3d5699e260b1) Importer(815301076,1909f56bfc062723c751e8b465ee728b)
Number of updated assets reloaded before import = 0
Start importing Assets/Art/Textures/Skyboxes/EveningSkyHDRI022B_4K-HDR.exr using Guid(1c244a7011870564589b3d5699e260b1) Importer(815301076,1909f56bfc062723c751e8b465ee728b)  -> (artifact id: 'aa7326dc7cbbe6ff73c134828b997ac3') in 0.240090 seconds 
Number of asset objects unloaded after import = 2
========================================================================
Received Import Request.
  Time since last request: 100.435045 seconds.
  path: Assets/Art/Textures/Skyboxes/EveningSkyHDRI022B_4K-HDR.exr
  artifactKey: Guid(1c244a7011870564589b3d5699e260b1) Importer(815301076,1909f56bfc062723c751e8b465ee728b)
Number of updated assets reloaded before import = 0
Start importing Assets/Art/Textures/Skyboxes/EveningSkyHDRI022B_4K-HDR.exr using Guid(1c244a7011870564589b3d5699e260b1) Importer(815301076,1909f56bfc062723c751e8b465ee728b)  -> (artifact id: '8348a4a873dc71a7d20555bf815fc454') in 0.175650 seconds 
Number of asset objects unloaded after import = 2
========================================================================
Received Import Request.
  Time since last request: 32.294232 seconds.
  path: Assets/Art/Textures/Skyboxes/Sky_Evening_HDRI.mat
  artifactKey: Guid(fc4822779fa10564caddfcaec2576710) Importer(815301076,1909f56bfc062723c751e8b465ee728b)
Number of updated assets reloaded before import = 0
Start importing Assets/Art/Textures/Skyboxes/Sky_Evening_HDRI.mat using Guid(fc4822779fa10564caddfcaec2576710) Importer(815301076,1909f56bfc062723c751e8b465ee728b)  -> (artifact id: '403de11963c7a38530347e3115270576') in 0.295546 seconds 
Number of asset objects unloaded after import = 1
========================================================================
Received Import Request.
  Time since last request: 363.275041 seconds.
  path: Assets/Art/Textures/Skyboxes/EveningSkyHDRI022B_4K-HDR.exr
  artifactKey: Guid(1c244a7011870564589b3d5699e260b1) Importer(815301076,1909f56bfc062723c751e8b465ee728b)
Number of updated assets reloaded before import = 0
Start importing Assets/Art/Textures/Skyboxes/EveningSkyHDRI022B_4K-HDR.exr using Guid(1c244a7011870564589b3d5699e260b1) Importer(815301076,1909f56bfc062723c751e8b465ee728b)  -> (artifact id: 'b5c719dadb52518c92a79a6d7f65db0f') in 1.722871 seconds 
Number of asset objects unloaded after import = 1
========================================================================
Received Import Request.
  Time since last request: 4565.509567 seconds.
  path: Assets/Art/Textures/Skyboxes/Sky_Evening_HDRI.mat
  artifactKey: Guid(fc4822779fa10564caddfcaec2576710) Importer(815301076,1909f56bfc062723c751e8b465ee728b)
Number of updated assets reloaded before import = 0
Start importing Assets/Art/Textures/Skyboxes/Sky_Evening_HDRI.mat using Guid(fc4822779fa10564caddfcaec2576710) Importer(815301076,1909f56bfc062723c751e8b465ee728b)  -> (artifact id: '1d3eb0220120b39205ffacdcfaeb0bce') in 4.344151 seconds 
Number of asset objects unloaded after import = 2
